<?xml version="1.0" encoding="UTF-8"?>
<!-- Generated by org.testng.reporters.JUnitReportReporter -->
<testsuite hostname="DESKTOP-VIKTTCQ" failures="0" tests="6" name="ExcelPageReaderFile.ExcelPageReader.ExcelReaderSwags" time="113.631" errors="0" timestamp="2024-08-20T18:43:27 IST" skipped="0">
  <testcase classname="ExcelPageReaderFile.ExcelPageReader.ExcelReaderSwags" name="verifyExcelReader1" time="12.903"/>
  <system-out/>
  <testcase classname="ExcelPageReaderFile.ExcelPageReader.ExcelReaderSwags" name="verifyExcelReader5" time="18.322"/>
  <system-out/>
  <testcase classname="ExcelPageReaderFile.ExcelPageReader.ExcelReaderSwags" name="verifyExcelReader6" time="23.884"/>
  <system-out/>
  <testcase classname="ExcelPageReaderFile.ExcelPageReader.ExcelReaderSwags" name="verifyExcelReader2" time="15.865"/>
  <system-out/>
  <testcase classname="ExcelPageReaderFile.ExcelPageReader.ExcelReaderSwags" name="verifyExcelReader3" time="21.757"/>
  <system-out/>
  <testcase classname="ExcelPageReaderFile.ExcelPageReader.ExcelReaderSwags" name="verifyExcelReader4" time="20.900"/>
  <system-out/>
</testsuite> <!-- ExcelPageReaderFile.ExcelPageReader.ExcelReaderSwags -->
