<?xml version="1.0" encoding="UTF-8"?>
<!-- Generated by org.testng.reporters.JUnitReportReporter -->
<testsuite hostname="DESKTOP-VIKTTCQ" failures="0" tests="1" name="ExcelPageReaderFile.ExcelPageReader.swagsLoginExcelReader" time="12.444" errors="0" timestamp="2024-08-20T15:43:12 IST" skipped="0">
  <testcase classname="ExcelPageReaderFile.ExcelPageReader.swagsLoginExcelReader" name="verifyExcelReader" time="12.444"/>
  <system-out/>
</testsuite> <!-- ExcelPageReaderFile.ExcelPageReader.swagsLoginExcelReader -->
